{"/Users/rahultiwari/Desktop/events-selector/src/App.tsx": {"path":"/Users/rahultiwari/Desktop/events-selector/src/App.tsx","statementMap":{"0":{"start":{"line":11,"column":21},"end":{"line":13,"column":1}},"1":{"start":{"line":14,"column":31},"end":{"line":18,"column":1}},"2":{"start":{"line":19,"column":28},"end":{"line":25,"column":1}},"3":{"start":{"line":26,"column":20},"end":{"line":30,"column":1}},"4":{"start":{"line":32,"column":24},"end":{"line":34,"column":1}},"5":{"start":{"line":37,"column":26},"end":{"line":37,"column":42}},"6":{"start":{"line":39,"column":31},"end":{"line":39,"column":42}},"7":{"start":{"line":40,"column":40},"end":{"line":40,"column":52}},"8":{"start":{"line":41,"column":54},"end":{"line":41,"column":76}},"9":{"start":{"line":43,"column":55},"end":{"line":43,"column":117}},"10":{"start":{"line":46,"column":26},"end":{"line":52,"column":49}},"11":{"start":{"line":47,"column":4},"end":{"line":51,"column":5}},"12":{"start":{"line":48,"column":6},"end":{"line":48,"column":77}},"13":{"start":{"line":48,"column":60},"end":{"line":48,"column":74}},"14":{"start":{"line":50,"column":6},"end":{"line":50,"column":62}},"15":{"start":{"line":54,"column":34},"end":{"line":56,"column":22}},"16":{"start":{"line":55,"column":4},"end":{"line":55,"column":35}},"17":{"start":{"line":58,"column":2},"end":{"line":83,"column":4}}},"fnMap":{"0":{"name":"App","decl":{"start":{"line":36,"column":9},"end":{"line":36,"column":12}},"loc":{"start":{"line":36,"column":15},"end":{"line":84,"column":1}},"line":36},"1":{"name":"(anonymous_1)","decl":{"start":{"line":46,"column":38},"end":{"line":46,"column":39}},"loc":{"start":{"line":46,"column":59},"end":{"line":52,"column":3}},"line":46},"2":{"name":"(anonymous_2)","decl":{"start":{"line":48,"column":54},"end":{"line":48,"column":55}},"loc":{"start":{"line":48,"column":60},"end":{"line":48,"column":74}},"line":48},"3":{"name":"(anonymous_3)","decl":{"start":{"line":54,"column":46},"end":{"line":54,"column":47}},"loc":{"start":{"line":54,"column":84},"end":{"line":56,"column":3}},"line":54}},"branchMap":{"0":{"loc":{"start":{"line":47,"column":4},"end":{"line":51,"column":5}},"type":"if","locations":[{"start":{"line":47,"column":4},"end":{"line":51,"column":5}},{"start":{"line":49,"column":11},"end":{"line":51,"column":5}}],"line":47}},"s":{"0":1,"1":1,"2":1,"3":1,"4":1,"5":9,"6":9,"7":9,"8":9,"9":9,"10":9,"11":5,"12":0,"13":0,"14":5,"15":9,"16":0,"17":9},"f":{"0":9,"1":5,"2":0,"3":0},"b":{"0":[0,5]},"_coverageSchema":"1a1c01bbd47fc00a2c39e90264f33305004495a9","hash":"ef986babfba2bc68dea3d5df0a1cbb3ce0ec29bd"}
,"/Users/rahultiwari/Desktop/events-selector/src/index.tsx": {"path":"/Users/rahultiwari/Desktop/events-selector/src/index.tsx","statementMap":{"0":{"start":{"line":7,"column":13},"end":{"line":9,"column":1}},"1":{"start":{"line":10,"column":0},"end":{"line":14,"column":2}},"2":{"start":{"line":19,"column":0},"end":{"line":19,"column":18}}},"fnMap":{},"branchMap":{},"s":{"0":0,"1":0,"2":0},"f":{},"b":{}}
,"/Users/rahultiwari/Desktop/events-selector/src/reportWebVitals.ts": {"path":"/Users/rahultiwari/Desktop/events-selector/src/reportWebVitals.ts","statementMap":{"0":{"start":{"line":3,"column":24},"end":{"line":13,"column":1}},"1":{"start":{"line":4,"column":2},"end":{"line":12,"column":3}},"2":{"start":{"line":5,"column":4},"end":{"line":11,"column":7}},"3":{"start":{"line":6,"column":6},"end":{"line":6,"column":26}},"4":{"start":{"line":7,"column":6},"end":{"line":7,"column":26}},"5":{"start":{"line":8,"column":6},"end":{"line":8,"column":26}},"6":{"start":{"line":9,"column":6},"end":{"line":9,"column":26}},"7":{"start":{"line":10,"column":6},"end":{"line":10,"column":27}}},"fnMap":{"0":{"name":"(anonymous_0)","decl":{"start":{"line":3,"column":24},"end":{"line":3,"column":25}},"loc":{"start":{"line":3,"column":57},"end":{"line":13,"column":1}},"line":3},"1":{"name":"(anonymous_1)","decl":{"start":{"line":5,"column":30},"end":{"line":5,"column":31}},"loc":{"start":{"line":5,"column":79},"end":{"line":11,"column":5}},"line":5}},"branchMap":{"0":{"loc":{"start":{"line":4,"column":2},"end":{"line":12,"column":3}},"type":"if","locations":[{"start":{"line":4,"column":2},"end":{"line":12,"column":3}},{"start":{},"end":{}}],"line":4},"1":{"loc":{"start":{"line":4,"column":6},"end":{"line":4,"column":52}},"type":"binary-expr","locations":[{"start":{"line":4,"column":6},"end":{"line":4,"column":17}},{"start":{"line":4,"column":21},"end":{"line":4,"column":52}}],"line":4}},"s":{"0":0,"1":0,"2":0,"3":0,"4":0,"5":0,"6":0,"7":0},"f":{"0":0,"1":0},"b":{"0":[0,0],"1":[0,0]}}
,"/Users/rahultiwari/Desktop/events-selector/src/components/ContentLoader.tsx": {"path":"/Users/rahultiwari/Desktop/events-selector/src/components/ContentLoader.tsx","statementMap":{"0":{"start":{"line":3,"column":29},"end":{"line":11,"column":1}},"1":{"start":{"line":4,"column":4},"end":{"line":6,"column":5}},"2":{"start":{"line":5,"column":8},"end":{"line":5,"column":26}},"3":{"start":{"line":7,"column":4},"end":{"line":9,"column":5}},"4":{"start":{"line":8,"column":8},"end":{"line":8,"column":75}},"5":{"start":{"line":10,"column":4},"end":{"line":10,"column":20}}},"fnMap":{"0":{"name":"(anonymous_0)","decl":{"start":{"line":3,"column":29},"end":{"line":3,"column":30}},"loc":{"start":{"line":3,"column":136},"end":{"line":11,"column":1}},"line":3}},"branchMap":{"0":{"loc":{"start":{"line":4,"column":4},"end":{"line":6,"column":5}},"type":"if","locations":[{"start":{"line":4,"column":4},"end":{"line":6,"column":5}},{"start":{},"end":{}}],"line":4},"1":{"loc":{"start":{"line":7,"column":4},"end":{"line":9,"column":5}},"type":"if","locations":[{"start":{"line":7,"column":4},"end":{"line":9,"column":5}},{"start":{},"end":{}}],"line":7}},"s":{"0":1,"1":9,"2":0,"3":9,"4":0,"5":9},"f":{"0":9},"b":{"0":[0,9],"1":[0,9]},"_coverageSchema":"1a1c01bbd47fc00a2c39e90264f33305004495a9","hash":"f654de6d7d90cf3c15c5ec154e5b00b1cb07e45d"}
,"/Users/rahultiwari/Desktop/events-selector/src/components/EventItem.tsx": {"path":"/Users/rahultiwari/Desktop/events-selector/src/components/EventItem.tsx","statementMap":{"0":{"start":{"line":13,"column":27},"end":{"line":19,"column":1}},"1":{"start":{"line":14,"column":33},"end":{"line":14,"column":71}},"2":{"start":{"line":20,"column":22},"end":{"line":26,"column":1}},"3":{"start":{"line":27,"column":29},"end":{"line":35,"column":1}},"4":{"start":{"line":36,"column":24},"end":{"line":40,"column":1}},"5":{"start":{"line":47,"column":21},"end":{"line":56,"column":1}},"6":{"start":{"line":48,"column":33},"end":{"line":48,"column":106}},"7":{"start":{"line":55,"column":23},"end":{"line":55,"column":67}},"8":{"start":{"line":66,"column":25},"end":{"line":97,"column":1}},"9":{"start":{"line":69,"column":56},"end":{"line":69,"column":61}},"10":{"start":{"line":72,"column":26},"end":{"line":74,"column":125}},"11":{"start":{"line":72,"column":40},"end":{"line":74,"column":81}},"12":{"start":{"line":76,"column":21},"end":{"line":76,"column":40}},"13":{"start":{"line":78,"column":24},"end":{"line":80,"column":35}},"14":{"start":{"line":79,"column":8},"end":{"line":79,"column":52}},"15":{"start":{"line":82,"column":4},"end":{"line":96,"column":25}}},"fnMap":{"0":{"name":"(anonymous_0)","decl":{"start":{"line":14,"column":24},"end":{"line":14,"column":25}},"loc":{"start":{"line":14,"column":33},"end":{"line":14,"column":71}},"line":14},"1":{"name":"(anonymous_1)","decl":{"start":{"line":48,"column":24},"end":{"line":48,"column":25}},"loc":{"start":{"line":48,"column":33},"end":{"line":48,"column":106}},"line":48},"2":{"name":"(anonymous_2)","decl":{"start":{"line":55,"column":14},"end":{"line":55,"column":15}},"loc":{"start":{"line":55,"column":23},"end":{"line":55,"column":67}},"line":55},"3":{"name":"(anonymous_3)","decl":{"start":{"line":66,"column":25},"end":{"line":66,"column":26}},"loc":{"start":{"line":66,"column":85},"end":{"line":97,"column":1}},"line":66},"4":{"name":"(anonymous_4)","decl":{"start":{"line":72,"column":34},"end":{"line":72,"column":35}},"loc":{"start":{"line":72,"column":40},"end":{"line":74,"column":81}},"line":72},"5":{"name":"(anonymous_5)","decl":{"start":{"line":78,"column":36},"end":{"line":78,"column":37}},"loc":{"start":{"line":78,"column":42},"end":{"line":80,"column":5}},"line":78}},"branchMap":{"0":{"loc":{"start":{"line":14,"column":33},"end":{"line":14,"column":71}},"type":"cond-expr","locations":[{"start":{"line":14,"column":50},"end":{"line":14,"column":59}},{"start":{"line":14,"column":62},"end":{"line":14,"column":71}}],"line":14},"1":{"loc":{"start":{"line":48,"column":33},"end":{"line":48,"column":106}},"type":"cond-expr","locations":[{"start":{"line":48,"column":52},"end":{"line":48,"column":61}},{"start":{"line":48,"column":65},"end":{"line":48,"column":105}}],"line":48},"2":{"loc":{"start":{"line":48,"column":65},"end":{"line":48,"column":105}},"type":"cond-expr","locations":[{"start":{"line":48,"column":84},"end":{"line":48,"column":93}},{"start":{"line":48,"column":96},"end":{"line":48,"column":105}}],"line":48},"3":{"loc":{"start":{"line":55,"column":23},"end":{"line":55,"column":67}},"type":"cond-expr","locations":[{"start":{"line":55,"column":42},"end":{"line":55,"column":55}},{"start":{"line":55,"column":58},"end":{"line":55,"column":67}}],"line":55},"4":{"loc":{"start":{"line":72,"column":40},"end":{"line":74,"column":81}},"type":"cond-expr","locations":[{"start":{"line":72,"column":63},"end":{"line":73,"column":88}},{"start":{"line":74,"column":9},"end":{"line":74,"column":80}}],"line":72},"5":{"loc":{"start":{"line":74,"column":9},"end":{"line":74,"column":80}},"type":"cond-expr","locations":[{"start":{"line":74,"column":29},"end":{"line":74,"column":73}},{"start":{"line":74,"column":76},"end":{"line":74,"column":80}}],"line":74},"6":{"loc":{"start":{"line":79,"column":8},"end":{"line":79,"column":51}},"type":"binary-expr","locations":[{"start":{"line":79,"column":8},"end":{"line":79,"column":22}},{"start":{"line":79,"column":26},"end":{"line":79,"column":51}}],"line":79},"7":{"loc":{"start":{"line":89,"column":16},"end":{"line":89,"column":48}},"type":"cond-expr","locations":[{"start":{"line":89,"column":29},"end":{"line":89,"column":37}},{"start":{"line":89,"column":40},"end":{"line":89,"column":48}}],"line":89},"8":{"loc":{"start":{"line":92,"column":16},"end":{"line":92,"column":124}},"type":"cond-expr","locations":[{"start":{"line":92,"column":32},"end":{"line":92,"column":117}},{"start":{"line":92,"column":120},"end":{"line":92,"column":124}}],"line":92}},"s":{"0":3,"1":112,"2":3,"3":3,"4":3,"5":3,"6":112,"7":112,"8":3,"9":112,"10":112,"11":80,"12":112,"13":112,"14":8,"15":112},"f":{"0":112,"1":112,"2":112,"3":112,"4":80,"5":8},"b":{"0":[15,97],"1":[8,104],"2":[15,89],"3":[15,97],"4":[8,72],"5":[5,67],"6":[8,6],"7":[8,104],"8":[15,97]},"_coverageSchema":"1a1c01bbd47fc00a2c39e90264f33305004495a9","hash":"e710c841fa837b89a42ce93884935346bd519470"}
,"/Users/rahultiwari/Desktop/events-selector/src/components/EventsList.tsx": {"path":"/Users/rahultiwari/Desktop/events-selector/src/components/EventsList.tsx","statementMap":{"0":{"start":{"line":6,"column":18},"end":{"line":10,"column":1}},"1":{"start":{"line":12,"column":24},"end":{"line":20,"column":1}},"2":{"start":{"line":21,"column":29},"end":{"line":26,"column":1}},"3":{"start":{"line":28,"column":28},"end":{"line":31,"column":1}},"4":{"start":{"line":40,"column":26},"end":{"line":72,"column":1}},"5":{"start":{"line":43,"column":30},"end":{"line":54,"column":14}},"6":{"start":{"line":44,"column":61},"end":{"line":44,"column":63}},"7":{"start":{"line":45,"column":8},"end":{"line":52,"column":10}},"8":{"start":{"line":46,"column":49},"end":{"line":46,"column":54}},"9":{"start":{"line":47,"column":12},"end":{"line":51,"column":13}},"10":{"start":{"line":48,"column":16},"end":{"line":48,"column":50}},"11":{"start":{"line":50,"column":16},"end":{"line":50,"column":48}},"12":{"start":{"line":53,"column":8},"end":{"line":53,"column":27}},"13":{"start":{"line":56,"column":4},"end":{"line":58,"column":5}},"14":{"start":{"line":57,"column":8},"end":{"line":57,"column":42}},"15":{"start":{"line":60,"column":4},"end":{"line":71,"column":16}},"16":{"start":{"line":62,"column":74},"end":{"line":69,"column":30}},"17":{"start":{"line":66,"column":46},"end":{"line":66,"column":146}}},"fnMap":{"0":{"name":"(anonymous_0)","decl":{"start":{"line":40,"column":26},"end":{"line":40,"column":27}},"loc":{"start":{"line":40,"column":86},"end":{"line":72,"column":1}},"line":40},"1":{"name":"(anonymous_1)","decl":{"start":{"line":43,"column":38},"end":{"line":43,"column":39}},"loc":{"start":{"line":43,"column":44},"end":{"line":54,"column":5}},"line":43},"2":{"name":"(anonymous_2)","decl":{"start":{"line":45,"column":21},"end":{"line":45,"column":22}},"loc":{"start":{"line":45,"column":32},"end":{"line":52,"column":9}},"line":45},"3":{"name":"(anonymous_3)","decl":{"start":{"line":62,"column":50},"end":{"line":62,"column":51}},"loc":{"start":{"line":62,"column":74},"end":{"line":69,"column":30}},"line":62},"4":{"name":"(anonymous_4)","decl":{"start":{"line":66,"column":35},"end":{"line":66,"column":36}},"loc":{"start":{"line":66,"column":46},"end":{"line":66,"column":146}},"line":66}},"branchMap":{"0":{"loc":{"start":{"line":47,"column":12},"end":{"line":51,"column":13}},"type":"if","locations":[{"start":{"line":47,"column":12},"end":{"line":51,"column":13}},{"start":{"line":49,"column":19},"end":{"line":51,"column":13}}],"line":47},"1":{"loc":{"start":{"line":56,"column":4},"end":{"line":58,"column":5}},"type":"if","locations":[{"start":{"line":56,"column":4},"end":{"line":58,"column":5}},{"start":{},"end":{}}],"line":56}},"s":{"0":2,"1":2,"2":2,"3":2,"4":2,"5":20,"6":20,"7":20,"8":110,"9":110,"10":71,"11":39,"12":20,"13":20,"14":4,"15":16,"16":39,"17":110},"f":{"0":20,"1":20,"2":110,"3":39,"4":110},"b":{"0":[71,39],"1":[4,16]},"_coverageSchema":"1a1c01bbd47fc00a2c39e90264f33305004495a9","hash":"7fab3a9062b7c1fe49630292de115c74555fa5cc"}
,"/Users/rahultiwari/Desktop/events-selector/src/components/SearchIcon.tsx": {"path":"/Users/rahultiwari/Desktop/events-selector/src/components/SearchIcon.tsx","statementMap":{"0":{"start":{"line":1,"column":26},"end":{"line":1,"column":533}},"1":{"start":{"line":1,"column":32},"end":{"line":1,"column":533}}},"fnMap":{"0":{"name":"(anonymous_0)","decl":{"start":{"line":1,"column":26},"end":{"line":1,"column":27}},"loc":{"start":{"line":1,"column":32},"end":{"line":1,"column":533}},"line":1}},"branchMap":{},"s":{"0":1,"1":9},"f":{"0":9},"b":{},"_coverageSchema":"1a1c01bbd47fc00a2c39e90264f33305004495a9","hash":"151764def536291dff20c1f5773a5c9ce8869bc3"}
,"/Users/rahultiwari/Desktop/events-selector/src/components/Section.tsx": {"path":"/Users/rahultiwari/Desktop/events-selector/src/components/Section.tsx","statementMap":{"0":{"start":{"line":4,"column":25},"end":{"line":14,"column":1}},"1":{"start":{"line":20,"column":23},"end":{"line":25,"column":1}},"2":{"start":{"line":21,"column":4},"end":{"line":24,"column":23}}},"fnMap":{"0":{"name":"(anonymous_0)","decl":{"start":{"line":20,"column":23},"end":{"line":20,"column":24}},"loc":{"start":{"line":20,"column":63},"end":{"line":25,"column":1}},"line":20}},"branchMap":{},"s":{"0":1,"1":1,"2":18},"f":{"0":18},"b":{},"_coverageSchema":"1a1c01bbd47fc00a2c39e90264f33305004495a9","hash":"ac7d24464401a132dcba98cf36a64c4e0afeea18"}
,"/Users/rahultiwari/Desktop/events-selector/src/components/Spinner.tsx": {"path":"/Users/rahultiwari/Desktop/events-selector/src/components/Spinner.tsx","statementMap":{"0":{"start":{"line":3,"column":25},"end":{"line":18,"column":1}},"1":{"start":{"line":19,"column":22},"end":{"line":24,"column":1}},"2":{"start":{"line":26,"column":23},"end":{"line":26,"column":80}},"3":{"start":{"line":26,"column":29},"end":{"line":26,"column":80}}},"fnMap":{"0":{"name":"(anonymous_0)","decl":{"start":{"line":26,"column":23},"end":{"line":26,"column":24}},"loc":{"start":{"line":26,"column":29},"end":{"line":26,"column":80}},"line":26}},"branchMap":{},"s":{"0":1,"1":1,"2":1,"3":0},"f":{"0":0},"b":{},"_coverageSchema":"1a1c01bbd47fc00a2c39e90264f33305004495a9","hash":"de23f764511d4a9597ed5059f7863622fad28ed0"}
,"/Users/rahultiwari/Desktop/events-selector/src/hooks/useFetchEvents.ts": {"path":"/Users/rahultiwari/Desktop/events-selector/src/hooks/useFetchEvents.ts","statementMap":{"0":{"start":{"line":18,"column":30},"end":{"line":49,"column":1}},"1":{"start":{"line":19,"column":40},"end":{"line":23,"column":4}},"2":{"start":{"line":25,"column":22},"end":{"line":42,"column":3}},"3":{"start":{"line":26,"column":4},"end":{"line":41,"column":9}},"4":{"start":{"line":27,"column":21},"end":{"line":27,"column":31}},"5":{"start":{"line":29,"column":8},"end":{"line":33,"column":11}},"6":{"start":{"line":36,"column":8},"end":{"line":40,"column":11}},"7":{"start":{"line":44,"column":2},"end":{"line":46,"column":9}},"8":{"start":{"line":45,"column":4},"end":{"line":45,"column":18}},"9":{"start":{"line":48,"column":2},"end":{"line":48,"column":25}}},"fnMap":{"0":{"name":"(anonymous_0)","decl":{"start":{"line":18,"column":30},"end":{"line":18,"column":31}},"loc":{"start":{"line":18,"column":36},"end":{"line":49,"column":1}},"line":18},"1":{"name":"(anonymous_1)","decl":{"start":{"line":25,"column":22},"end":{"line":25,"column":23}},"loc":{"start":{"line":25,"column":28},"end":{"line":42,"column":3}},"line":25},"2":{"name":"(anonymous_2)","decl":{"start":{"line":27,"column":12},"end":{"line":27,"column":13}},"loc":{"start":{"line":27,"column":21},"end":{"line":27,"column":31}},"line":27},"3":{"name":"(anonymous_3)","decl":{"start":{"line":28,"column":12},"end":{"line":28,"column":13}},"loc":{"start":{"line":28,"column":21},"end":{"line":34,"column":7}},"line":28},"4":{"name":"(anonymous_4)","decl":{"start":{"line":35,"column":13},"end":{"line":35,"column":14}},"loc":{"start":{"line":35,"column":22},"end":{"line":41,"column":7}},"line":35},"5":{"name":"(anonymous_5)","decl":{"start":{"line":44,"column":12},"end":{"line":44,"column":13}},"loc":{"start":{"line":44,"column":18},"end":{"line":46,"column":3}},"line":44}},"branchMap":{},"s":{"0":0,"1":0,"2":0,"3":0,"4":0,"5":0,"6":0,"7":0,"8":0,"9":0},"f":{"0":0,"1":0,"2":0,"3":0,"4":0,"5":0},"b":{}}
,"/Users/rahultiwari/Desktop/events-selector/src/hooks/useFilteredEvents.ts": {"path":"/Users/rahultiwari/Desktop/events-selector/src/hooks/useFilteredEvents.ts","statementMap":{"0":{"start":{"line":12,"column":33},"end":{"line":52,"column":1}},"1":{"start":{"line":17,"column":2},"end":{"line":51,"column":52}},"2":{"start":{"line":18,"column":38},"end":{"line":18,"column":40}},"3":{"start":{"line":19,"column":40},"end":{"line":19,"column":42}},"4":{"start":{"line":20,"column":4},"end":{"line":34,"column":7}},"5":{"start":{"line":22,"column":6},"end":{"line":33,"column":7}},"6":{"start":{"line":24,"column":8},"end":{"line":24,"column":29}},"7":{"start":{"line":25,"column":13},"end":{"line":33,"column":7}},"8":{"start":{"line":29,"column":8},"end":{"line":32,"column":11}},"9":{"start":{"line":36,"column":4},"end":{"line":50,"column":6}},"10":{"start":{"line":41,"column":33},"end":{"line":43,"column":9}},"11":{"start":{"line":42,"column":10},"end":{"line":42,"column":49}},"12":{"start":{"line":45,"column":8},"end":{"line":48,"column":10}}},"fnMap":{"0":{"name":"(anonymous_0)","decl":{"start":{"line":12,"column":33},"end":{"line":12,"column":34}},"loc":{"start":{"line":16,"column":5},"end":{"line":52,"column":1}},"line":16},"1":{"name":"(anonymous_1)","decl":{"start":{"line":17,"column":17},"end":{"line":17,"column":18}},"loc":{"start":{"line":17,"column":23},"end":{"line":51,"column":3}},"line":17},"2":{"name":"(anonymous_2)","decl":{"start":{"line":20,"column":23},"end":{"line":20,"column":24}},"loc":{"start":{"line":20,"column":34},"end":{"line":34,"column":5}},"line":20},"3":{"name":"(anonymous_3)","decl":{"start":{"line":38,"column":43},"end":{"line":38,"column":44}},"loc":{"start":{"line":38,"column":54},"end":{"line":49,"column":7}},"line":38},"4":{"name":"(anonymous_4)","decl":{"start":{"line":41,"column":47},"end":{"line":41,"column":48}},"loc":{"start":{"line":42,"column":10},"end":{"line":42,"column":49}},"line":42}},"branchMap":{"0":{"loc":{"start":{"line":22,"column":6},"end":{"line":33,"column":7}},"type":"if","locations":[{"start":{"line":22,"column":6},"end":{"line":33,"column":7}},{"start":{"line":25,"column":13},"end":{"line":33,"column":7}}],"line":22},"1":{"loc":{"start":{"line":25,"column":13},"end":{"line":33,"column":7}},"type":"if","locations":[{"start":{"line":25,"column":13},"end":{"line":33,"column":7}},{"start":{},"end":{}}],"line":25},"2":{"loc":{"start":{"line":47,"column":32},"end":{"line":47,"column":68}},"type":"binary-expr","locations":[{"start":{"line":47,"column":32},"end":{"line":47,"column":60}},{"start":{"line":47,"column":64},"end":{"line":47,"column":68}}],"line":47}},"s":{"0":1,"1":9,"2":9,"3":9,"4":9,"5":90,"6":8,"7":82,"8":82,"9":9,"10":82,"11":58,"12":82},"f":{"0":9,"1":9,"2":90,"3":82,"4":58},"b":{"0":[8,82],"1":[82,0],"2":[82,72]},"_coverageSchema":"1a1c01bbd47fc00a2c39e90264f33305004495a9","hash":"f47f64420d98354c3fe8010a809e3f20f229f726"}
,"/Users/rahultiwari/Desktop/events-selector/src/stubs/events.ts": {"path":"/Users/rahultiwari/Desktop/events-selector/src/stubs/events.ts","statementMap":{},"fnMap":{},"branchMap":{},"s":{},"f":{},"b":{},"_coverageSchema":"1a1c01bbd47fc00a2c39e90264f33305004495a9","hash":"04d7c126ad627a50d14f6c1d70c1f532fea9e3ed"}
,"/Users/rahultiwari/Desktop/events-selector/src/utils/checkTimeOverlap.ts": {"path":"/Users/rahultiwari/Desktop/events-selector/src/utils/checkTimeOverlap.ts","statementMap":{"0":{"start":{"line":5,"column":0},"end":{"line":5,"column":24}},"1":{"start":{"line":13,"column":33},"end":{"line":33,"column":1}},"2":{"start":{"line":15,"column":2},"end":{"line":20,"column":3}},"3":{"start":{"line":19,"column":4},"end":{"line":19,"column":16}},"4":{"start":{"line":22,"column":26},"end":{"line":22,"column":50}},"5":{"start":{"line":23,"column":26},"end":{"line":23,"column":50}},"6":{"start":{"line":24,"column":24},"end":{"line":24,"column":46}},"7":{"start":{"line":25,"column":24},"end":{"line":25,"column":46}},"8":{"start":{"line":27,"column":2},"end":{"line":32,"column":4}}},"fnMap":{"0":{"name":"(anonymous_0)","decl":{"start":{"line":13,"column":33},"end":{"line":13,"column":34}},"loc":{"start":{"line":13,"column":75},"end":{"line":33,"column":1}},"line":13}},"branchMap":{"0":{"loc":{"start":{"line":15,"column":2},"end":{"line":20,"column":3}},"type":"if","locations":[{"start":{"line":15,"column":2},"end":{"line":20,"column":3}},{"start":{},"end":{}}],"line":15},"1":{"loc":{"start":{"line":16,"column":4},"end":{"line":17,"column":39}},"type":"binary-expr","locations":[{"start":{"line":16,"column":4},"end":{"line":16,"column":43}},{"start":{"line":17,"column":4},"end":{"line":17,"column":39}}],"line":16},"2":{"loc":{"start":{"line":28,"column":4},"end":{"line":31,"column":59}},"type":"binary-expr","locations":[{"start":{"line":28,"column":4},"end":{"line":28,"column":61}},{"start":{"line":29,"column":4},"end":{"line":29,"column":59}},{"start":{"line":30,"column":4},"end":{"line":30,"column":61}},{"start":{"line":31,"column":4},"end":{"line":31,"column":59}}],"line":28}},"s":{"0":2,"1":2,"2":63,"3":5,"4":58,"5":58,"6":58,"7":58,"8":58},"f":{"0":63},"b":{"0":[5,58],"1":[63,6],"2":[58,53,53,51]},"_coverageSchema":"1a1c01bbd47fc00a2c39e90264f33305004495a9","hash":"5463d465e86e582f8a2369f35e9cb48a2a27f07f"}
}
