TN:
SF:src/App.tsx
FN:36,App
FN:46,(anonymous_1)
FN:48,(anonymous_2)
FN:54,(anonymous_3)
FNF:4
FNH:2
FNDA:9,App
FNDA:5,(anonymous_1)
FNDA:0,(anonymous_2)
FNDA:0,(anonymous_3)
DA:11,1
DA:14,1
DA:19,1
DA:26,1
DA:32,1
DA:37,9
DA:39,9
DA:40,9
DA:41,9
DA:43,9
DA:46,9
DA:47,5
DA:48,0
DA:50,5
DA:54,9
DA:55,0
DA:58,9
LF:17
LH:15
BRDA:47,0,0,0
BRDA:47,0,1,5
BRF:2
BRH:1
end_of_record
TN:
SF:src/index.tsx
FNF:0
FNH:0
DA:7,0
DA:10,0
DA:19,0
LF:3
LH:0
BRF:0
BRH:0
end_of_record
TN:
SF:src/reportWebVitals.ts
FN:3,(anonymous_0)
FN:5,(anonymous_1)
FNF:2
FNH:0
FNDA:0,(anonymous_0)
FNDA:0,(anonymous_1)
DA:3,0
DA:4,0
DA:5,0
DA:6,0
DA:7,0
DA:8,0
DA:9,0
DA:10,0
LF:8
LH:0
BRDA:4,0,0,0
BRDA:4,0,1,0
BRDA:4,1,0,0
BRDA:4,1,1,0
BRF:4
BRH:0
end_of_record
TN:
SF:src/components/ContentLoader.tsx
FN:3,(anonymous_0)
FNF:1
FNH:1
FNDA:9,(anonymous_0)
DA:3,1
DA:4,9
DA:5,0
DA:7,9
DA:8,0
DA:10,9
LF:6
LH:4
BRDA:4,0,0,0
BRDA:4,0,1,9
BRDA:7,1,0,0
BRDA:7,1,1,9
BRF:4
BRH:2
end_of_record
TN:
SF:src/components/EventItem.tsx
FN:14,(anonymous_0)
FN:48,(anonymous_1)
FN:55,(anonymous_2)
FN:66,(anonymous_3)
FN:72,(anonymous_4)
FN:78,(anonymous_5)
FNF:6
FNH:6
FNDA:112,(anonymous_0)
FNDA:112,(anonymous_1)
FNDA:112,(anonymous_2)
FNDA:112,(anonymous_3)
FNDA:80,(anonymous_4)
FNDA:8,(anonymous_5)
DA:13,3
DA:14,112
DA:20,3
DA:27,3
DA:36,3
DA:47,3
DA:48,112
DA:55,112
DA:66,3
DA:69,112
DA:72,112
DA:76,112
DA:78,112
DA:79,8
DA:82,112
LF:15
LH:15
BRDA:14,0,0,15
BRDA:14,0,1,97
BRDA:48,1,0,8
BRDA:48,1,1,104
BRDA:48,2,0,15
BRDA:48,2,1,89
BRDA:55,3,0,15
BRDA:55,3,1,97
BRDA:72,4,0,8
BRDA:72,4,1,72
BRDA:74,5,0,5
BRDA:74,5,1,67
BRDA:79,6,0,8
BRDA:79,6,1,6
BRDA:89,7,0,8
BRDA:89,7,1,104
BRDA:92,8,0,15
BRDA:92,8,1,97
BRF:18
BRH:18
end_of_record
TN:
SF:src/components/EventsList.tsx
FN:40,(anonymous_0)
FN:43,(anonymous_1)
FN:45,(anonymous_2)
FN:62,(anonymous_3)
FN:66,(anonymous_4)
FNF:5
FNH:5
FNDA:20,(anonymous_0)
FNDA:20,(anonymous_1)
FNDA:110,(anonymous_2)
FNDA:39,(anonymous_3)
FNDA:110,(anonymous_4)
DA:6,2
DA:12,2
DA:21,2
DA:28,2
DA:40,2
DA:43,20
DA:44,20
DA:45,20
DA:46,110
DA:47,110
DA:48,71
DA:50,39
DA:53,20
DA:56,20
DA:57,4
DA:60,16
DA:62,39
DA:66,110
LF:18
LH:18
BRDA:47,0,0,71
BRDA:47,0,1,39
BRDA:56,1,0,4
BRDA:56,1,1,16
BRF:4
BRH:4
end_of_record
TN:
SF:src/components/SearchIcon.tsx
FN:1,(anonymous_0)
FNF:1
FNH:1
FNDA:9,(anonymous_0)
DA:1,9
LF:1
LH:1
BRF:0
BRH:0
end_of_record
TN:
SF:src/components/Section.tsx
FN:20,(anonymous_0)
FNF:1
FNH:1
FNDA:18,(anonymous_0)
DA:4,1
DA:20,1
DA:21,18
LF:3
LH:3
BRF:0
BRH:0
end_of_record
TN:
SF:src/components/Spinner.tsx
FN:26,(anonymous_0)
FNF:1
FNH:0
FNDA:0,(anonymous_0)
DA:3,1
DA:19,1
DA:26,1
LF:3
LH:3
BRF:0
BRH:0
end_of_record
TN:
SF:src/hooks/useFetchEvents.ts
FN:18,(anonymous_0)
FN:25,(anonymous_1)
FN:27,(anonymous_2)
FN:28,(anonymous_3)
FN:35,(anonymous_4)
FN:44,(anonymous_5)
FNF:6
FNH:0
FNDA:0,(anonymous_0)
FNDA:0,(anonymous_1)
FNDA:0,(anonymous_2)
FNDA:0,(anonymous_3)
FNDA:0,(anonymous_4)
FNDA:0,(anonymous_5)
DA:18,0
DA:19,0
DA:25,0
DA:26,0
DA:27,0
DA:29,0
DA:36,0
DA:44,0
DA:45,0
DA:48,0
LF:10
LH:0
BRF:0
BRH:0
end_of_record
TN:
SF:src/hooks/useFilteredEvents.ts
FN:12,(anonymous_0)
FN:17,(anonymous_1)
FN:20,(anonymous_2)
FN:38,(anonymous_3)
FN:41,(anonymous_4)
FNF:5
FNH:5
FNDA:9,(anonymous_0)
FNDA:9,(anonymous_1)
FNDA:90,(anonymous_2)
FNDA:82,(anonymous_3)
FNDA:58,(anonymous_4)
DA:12,1
DA:17,9
DA:18,9
DA:19,9
DA:20,9
DA:22,90
DA:24,8
DA:25,82
DA:29,82
DA:36,9
DA:41,82
DA:42,58
DA:45,82
LF:13
LH:13
BRDA:22,0,0,8
BRDA:22,0,1,82
BRDA:25,1,0,82
BRDA:25,1,1,0
BRDA:47,2,0,82
BRDA:47,2,1,72
BRF:6
BRH:5
end_of_record
TN:
SF:src/stubs/events.ts
FNF:0
FNH:0
LF:0
LH:0
BRF:0
BRH:0
end_of_record
TN:
SF:src/utils/checkTimeOverlap.ts
FN:13,(anonymous_0)
FNF:1
FNH:1
FNDA:63,(anonymous_0)
DA:5,2
DA:13,2
DA:15,63
DA:19,5
DA:22,58
DA:23,58
DA:24,58
DA:25,58
DA:27,58
LF:9
LH:9
BRDA:15,0,0,5
BRDA:15,0,1,58
BRDA:16,1,0,63
BRDA:16,1,1,6
BRDA:28,2,0,58
BRDA:28,2,1,53
BRDA:28,2,2,53
BRDA:28,2,3,51
BRF:8
BRH:8
end_of_record
